<?xml version="1.0" encoding="UTF-8"?>
<testsuite xmlns:xsi="http://www.w3.org/2001/XMLSchema-instance" xsi:noNamespaceSchemaLocation="https://maven.apache.org/surefire/maven-surefire-plugin/xsd/surefire-test-report.xsd" name="top.wujinxing.AppTest" time="0.035" tests="1" errors="0" skipped="0" failures="0">
  <properties>
    <property name="sun.desktop" value="windows"/>
    <property name="awt.toolkit" value="sun.awt.windows.WToolkit"/>
    <property name="file.encoding.pkg" value="sun.io"/>
    <property name="java.specification.version" value="1.8"/>
    <property name="sun.cpu.isalist" value="amd64"/>
    <property name="sun.jnu.encoding" value="GBK"/>
    <property name="java.class.path" value="D:\Git\JavaReview\ch-1\target\test-classes;D:\Git\JavaReview\ch-1\target\classes;D:\maven\cangku\repository\junit\junit\4.12\junit-4.12.jar;D:\maven\cangku\repository\org\hamcrest\hamcrest-core\1.3\hamcrest-core-1.3.jar;D:\maven\cangku\repository\org\apache\commons\commons-lang3\3.8.1\commons-lang3-3.8.1.jar;D:\maven\cangku\repository\commons-beanutils\commons-beanutils\1.7.0\commons-beanutils-1.7.0.jar;D:\maven\cangku\repository\commons-logging\commons-logging\1.0.3\commons-logging-1.0.3.jar;"/>
    <property name="java.vm.vendor" value="Oracle Corporation"/>
    <property name="sun.arch.data.model" value="64"/>
    <property name="user.variant" value=""/>
    <property name="java.vendor.url" value="http://java.oracle.com/"/>
    <property name="user.timezone" value="GMT+08:00"/>
    <property name="java.vm.specification.version" value="1.8"/>
    <property name="os.name" value="Windows 10"/>
    <property name="user.country" value="CN"/>
    <property name="sun.java.launcher" value="SUN_STANDARD"/>
    <property name="sun.boot.library.path" value="C:\Program Files\Java\jdk1.8.0_171\jre\bin"/>
    <property name="sun.java.command" value="C:\Users\WUJINX~1\AppData\Local\Temp\surefire8268617247933523706\surefirebooter6818755775552305442.jar C:\Users\wujinxing\AppData\Local\Temp\surefire8268617247933523706 2019-02-26T22-20-44_254-jvmRun1 surefire5228208671318211075tmp surefire_06882424289479968108tmp"/>
    <property name="surefire.test.class.path" value="D:\Git\JavaReview\ch-1\target\test-classes;D:\Git\JavaReview\ch-1\target\classes;D:\maven\cangku\repository\junit\junit\4.12\junit-4.12.jar;D:\maven\cangku\repository\org\hamcrest\hamcrest-core\1.3\hamcrest-core-1.3.jar;D:\maven\cangku\repository\org\apache\commons\commons-lang3\3.8.1\commons-lang3-3.8.1.jar;D:\maven\cangku\repository\commons-beanutils\commons-beanutils\1.7.0\commons-beanutils-1.7.0.jar;D:\maven\cangku\repository\commons-logging\commons-logging\1.0.3\commons-logging-1.0.3.jar;"/>
    <property name="sun.cpu.endian" value="little"/>
    <property name="user.home" value="C:\Users\wujinxing"/>
    <property name="user.language" value="zh"/>
    <property name="java.specification.vendor" value="Oracle Corporation"/>
    <property name="java.home" value="C:\Program Files\Java\jdk1.8.0_171\jre"/>
    <property name="basedir" value="D:\Git\JavaReview\ch-1"/>
    <property name="file.separator" value="\"/>
    <property name="line.separator" value="&#10;"/>
    <property name="java.vm.specification.vendor" value="Oracle Corporation"/>
    <property name="java.specification.name" value="Java Platform API Specification"/>
    <property name="java.awt.graphicsenv" value="sun.awt.Win32GraphicsEnvironment"/>
    <property name="surefire.real.class.path" value="C:\Users\WUJINX~1\AppData\Local\Temp\surefire8268617247933523706\surefirebooter6818755775552305442.jar"/>
    <property name="sun.boot.class.path" value="C:\Program Files\Java\jdk1.8.0_171\jre\lib\resources.jar;C:\Program Files\Java\jdk1.8.0_171\jre\lib\rt.jar;C:\Program Files\Java\jdk1.8.0_171\jre\lib\sunrsasign.jar;C:\Program Files\Java\jdk1.8.0_171\jre\lib\jsse.jar;C:\Program Files\Java\jdk1.8.0_171\jre\lib\jce.jar;C:\Program Files\Java\jdk1.8.0_171\jre\lib\charsets.jar;C:\Program Files\Java\jdk1.8.0_171\jre\lib\jfr.jar;C:\Program Files\Java\jdk1.8.0_171\jre\classes"/>
    <property name="user.script" value=""/>
    <property name="sun.management.compiler" value="HotSpot 64-Bit Tiered Compilers"/>
    <property name="java.runtime.version" value="1.8.0_171-b11"/>
    <property name="user.name" value="wujinxing"/>
    <property name="path.separator" value=";"/>
    <property name="os.version" value="10.0"/>
    <property name="java.endorsed.dirs" value="C:\Program Files\Java\jdk1.8.0_171\jre\lib\endorsed"/>
    <property name="java.runtime.name" value="Java(TM) SE Runtime Environment"/>
    <property name="file.encoding" value="GBK"/>
    <property name="java.vm.name" value="Java HotSpot(TM) 64-Bit Server VM"/>
    <property name="localRepository" value="D:\maven\cangku\repository"/>
    <property name="java.vendor.url.bug" value="http://bugreport.sun.com/bugreport/"/>
    <property name="java.io.tmpdir" value="C:\Users\WUJINX~1\AppData\Local\Temp\"/>
    <property name="idea.version" value="2018.1.2"/>
    <property name="java.version" value="1.8.0_171"/>
    <property name="user.dir" value="D:\Git\JavaReview\ch-1"/>
    <property name="os.arch" value="amd64"/>
    <property name="java.vm.specification.name" value="Java Virtual Machine Specification"/>
    <property name="java.awt.printerjob" value="sun.awt.windows.WPrinterJob"/>
    <property name="sun.os.patch.level" value=""/>
    <property name="java.library.path" value="C:\Program Files\Java\jdk1.8.0_171\jre\bin;C:\WINDOWS\Sun\Java\bin;C:\WINDOWS\system32;C:\WINDOWS;C:\Program Files (x86)\Common Files\Oracle\Java\javapath;C:\Program Files\Microsoft MPI\Bin\;C:;&quot;C:\Program Files (x86)\Intel\iCLS Client\;C:\Program Files\Intel\iCLS Client\;C:\windows\system32;C:\windows;C:\windows\System32\Wbem;C:\windows\System32\WindowsPowerShell\v1.0\;C:\Program Files (x86)\Intel\Intel(R) Management Engine Components\DAL;C:\Progra&quot;;C:\Program Files\MySQL\MySQL Server 5.7\bin;C:\Program Files (x86)\Microsoft SQL Server\100\Tools\Binn\;C:\Program Files\Microsoft SQL Server\100\Tools\Binn\;C:\Program Files\Microsoft SQL Server\100\DTS\Binn\;%SystemRoot%\system32;%SystemRoot%;%SystemRoot%\System32\Wbem;%SYSTEMROOT%\System32\WindowsPowerShell\v1.0\;C:\Program Files (x86)\Microsoft SQL Server\140\Tools\Binn\;C:\Program Files\Microsoft SQL Server\140\Tools\Binn\;C:\Program Files (x86)\Microsoft SQL Server\140\DTS\Binn\;C:\Program Files\Microsoft SQL Server\140\DTS\Binn\;C:\Program Files\Microsoft SQL Server\Client SDK\ODBC\130\Tools\Binn\;C:\Program Files (x86)\Microsoft SQL Server\Client SDK\ODBC\130\Tools\Binn\;C:\Program Files (x86)\Microsoft SQL Server\140\Tools\Binn\ManagementStudio\;D:\WebStorm 2017.3.5\nodejs\;D:\Git\Git\cmd;D:\WebStorm 2017.3.5\Yarn\bin\;D:\pycharm\Anaconda3;D:\pycharm\Anaconda3\Scripts;%M2_HOME%\bin;%MAVEN_HOME%\bin;%CXF_HOME%\bin;D:\apache-cxf-2.7.11\bin;C:\Program Files\Java\jdk1.8.0_171\bin;%JAVA_HOME%\bin;%CATALINA_HOME%\bin;%TOMCAT_HOME%\lib;F:\ArcGISForJS\tomcat9\bin;%CATALINA_HOME%\lib;F:\VSCode\bin;%SYSTEMROOT%\System32\OpenSSH\;%CPLEX_STUDIO_BINARIES125%;C:\Users\wujinxing\AppData\Local\atom\app-1.31.2\resources\app\apm\bin;F:\UsualSoft\MATLAB\runtime\win64;F:\UsualSoft\MATLAB\bin;F:\UsualSoft\MATLAB\polyspace\bin;D:\blog\Hugo\bin;F:\UsualSoft\gradle-5.0\bin;;C:\Android;C:\Windows\System32;C:\Users\wujinxing\AppData\Local\Programs\Python\Python36\Scripts\;C:\Users\wujinxing\AppData\Local\Programs\Python\Python36\;C:\Users\wujinxing\AppData\Local\Microsoft\WindowsApps;C:\Users\wujinxing\AppData\Roaming\npm;C:\Users\wujinxing\AppData\Local\Yarn\bin;D:\maven\apache-maven-3.6.0\bin;D:\pycharm\Fiddler;&quot;D:\apache-cxf-2.7.11\bin;&quot;;D:\apache-cxf-2.7.11\bin;C:\Program Files\Java\jdk1.7.0_80\bin;C:\Program Files\Java\jdk1.8.0_171\bin;F:\ArcGISForJS\tomcat9\bin;%CATALINE_HOME%\bin;%CATALINE_BASE%\bin;%CATALINE_HOME%\lib;C:\Users\wujinxing\AppData\Local\Microsoft\WindowsApps;C:\Users\wujinxing\AppData\Local\atom\bin;C:\Users\wujinxing\AppData\Local\atom\app-1.31.2\resources\app\apm\bin;D:\blog\Hugo\bin;;."/>
    <property name="java.vm.info" value="mixed mode"/>
    <property name="java.vendor" value="Oracle Corporation"/>
    <property name="java.vm.version" value="25.171-b11"/>
    <property name="java.ext.dirs" value="C:\Program Files\Java\jdk1.8.0_171\jre\lib\ext;C:\WINDOWS\Sun\Java\lib\ext"/>
    <property name="sun.io.unicode.encoding" value="UnicodeLittle"/>
    <property name="java.class.version" value="52.0"/>
  </properties>
  <testcase name="shouldAnswerWithTrue" classname="top.wujinxing.AppTest" time="0"/>
</testsuite>